{"/Users/rvzadrian/Documents/BNI Bootcamp/JavaScript W1/js-basic-push/js-basic/park_billing.js": {"path":"/Users/rvzadrian/Documents/BNI Bootcamp/JavaScript W1/js-basic-push/js-basic/park_billing.js","statementMap":{"0":{"start":{"line":2,"column":4},"end":{"line":2,"column":24}},"1":{"start":{"line":3,"column":4},"end":{"line":8,"column":5}},"2":{"start":{"line":4,"column":8},"end":{"line":6,"column":9}},"3":{"start":{"line":5,"column":12},"end":{"line":5,"column":48}},"4":{"start":{"line":7,"column":8},"end":{"line":7,"column":36}},"5":{"start":{"line":9,"column":4},"end":{"line":11,"column":5}},"6":{"start":{"line":10,"column":8},"end":{"line":10,"column":44}},"7":{"start":{"line":12,"column":4},"end":{"line":12,"column":32}},"8":{"start":{"line":15,"column":0},"end":{"line":15,"column":25}}},"fnMap":{"0":{"name":"billing","decl":{"start":{"line":1,"column":9},"end":{"line":1,"column":16}},"loc":{"start":{"line":1,"column":26},"end":{"line":13,"column":1}},"line":1}},"branchMap":{"0":{"loc":{"start":{"line":3,"column":4},"end":{"line":8,"column":5}},"type":"if","locations":[{"start":{"line":3,"column":4},"end":{"line":8,"column":5}},{"start":{},"end":{}}],"line":3},"1":{"loc":{"start":{"line":4,"column":8},"end":{"line":6,"column":9}},"type":"if","locations":[{"start":{"line":4,"column":8},"end":{"line":6,"column":9}},{"start":{},"end":{}}],"line":4},"2":{"loc":{"start":{"line":9,"column":4},"end":{"line":11,"column":5}},"type":"if","locations":[{"start":{"line":9,"column":4},"end":{"line":11,"column":5}},{"start":{},"end":{}}],"line":9}},"s":{"0":4,"1":4,"2":2,"3":1,"4":1,"5":2,"6":1,"7":1,"8":1},"f":{"0":4},"b":{"0":[2,2],"1":[1,1],"2":[1,1]},"_coverageSchema":"1a1c01bbd47fc00a2c39e90264f33305004495a9","hash":"c3db1f4bbdde3daa8c9bab6f34050dbe11619210"}
}
